Build started 8/26/2015 11:30:16 PM.
     1>Project "C:\Users\Jake\documents\visual studio 2015\Projects\Project0\Project0\Project0.vcxproj" on node 2 (Build target(s)).
     1>ClCompile:
         C:\Program Files (x86)\Microsoft Visual Studio 14.0\VC\bin\CL.exe /c /Zi /nologo /W3 /WX- /sdl /O2 /Oi /Oy- /GL /D _MBCS /Gm- /EHsc /MD /GS /Gy /fp:precise /Zc:wchar_t /Zc:forScope /Zc:inline /Fo"Release\\" /Fd"Release\vc140.pdb" /Gd /TP /analyze- /errorReport:prompt Todo.cpp
         Todo.cpp
     1>Todo.cpp(28): warning C4129: 'd': unrecognized character escape sequence
     1>Todo.cpp(28): warning C4129: '[': unrecognized character escape sequence
     1>Todo.cpp(28): warning C4129: ']': unrecognized character escape sequence
     1>Todo.cpp(47): warning C4129: 'd': unrecognized character escape sequence
     1>Todo.cpp(47): warning C4129: '[': unrecognized character escape sequence
     1>Todo.cpp(47): warning C4129: ']': unrecognized character escape sequence
       Link:
         C:\Program Files (x86)\Microsoft Visual Studio 14.0\VC\bin\link.exe /ERRORREPORT:PROMPT /OUT:"C:\Users\Jake\documents\visual studio 2015\Projects\Project0\Release\Project0.exe" /NOLOGO kernel32.lib user32.lib gdi32.lib winspool.lib comdlg32.lib advapi32.lib shell32.lib ole32.lib oleaut32.lib uuid.lib odbc32.lib odbccp32.lib /MANIFEST /MANIFESTUAC:"level='asInvoker' uiAccess='false'" /manifest:embed /Debug /PDB:"C:\Users\Jake\documents\visual studio 2015\Projects\Project0\Release\Project0.pdb" /OPT:REF /OPT:ICF /LTCG:incremental /TLBID:1 /DYNAMICBASE /NXCOMPAT /IMPLIB:"C:\Users\Jake\documents\visual studio 2015\Projects\Project0\Release\Project0.lib" /MACHINE:X86 /SAFESEH Release\Todo.obj
         Generating code
         4 of 1069 functions ( 0.4%) were compiled, the rest were copied from previous compilation.
           1 functions were new in current compilation
           1 functions had inline decision re-evaluated but remain unchanged
         Finished generating code
         Project0.vcxproj -> C:\Users\Jake\documents\visual studio 2015\Projects\Project0\Release\Project0.exe
     1>Done Building Project "C:\Users\Jake\documents\visual studio 2015\Projects\Project0\Project0\Project0.vcxproj" (Build target(s)).

Build succeeded.

Time Elapsed 00:00:01.11
